Determining if the pthread_create exist failed with the following output:
Change Dir: /home/tim-dev/Dropbox/Workspaces/research/build/CMakeFiles/CMakeTmp

Run Build Command:/usr/bin/make "cmTryCompileExec2622066447/fast"
/usr/bin/make -f CMakeFiles/cmTryCompileExec2622066447.dir/build.make CMakeFiles/cmTryCompileExec2622066447.dir/build
make[1]: Entering directory `/home/tim-dev/Dropbox/Workspaces/research/build/CMakeFiles/CMakeTmp'
/usr/bin/cmake -E cmake_progress_report /home/tim-dev/Dropbox/Workspaces/research/build/CMakeFiles/CMakeTmp/CMakeFiles 1
Building C object CMakeFiles/cmTryCompileExec2622066447.dir/CheckSymbolExists.c.o
/usr/bin/gcc    -o CMakeFiles/cmTryCompileExec2622066447.dir/CheckSymbolExists.c.o   -c /home/tim-dev/Dropbox/Workspaces/research/build/CMakeFiles/CMakeTmp/CheckSymbolExists.c
Linking C executable cmTryCompileExec2622066447
/usr/bin/cmake -E cmake_link_script CMakeFiles/cmTryCompileExec2622066447.dir/link.txt --verbose=1
/usr/bin/gcc         CMakeFiles/cmTryCompileExec2622066447.dir/CheckSymbolExists.c.o  -o cmTryCompileExec2622066447 -rdynamic 
CMakeFiles/cmTryCompileExec2622066447.dir/CheckSymbolExists.c.o: In function `main':
CheckSymbolExists.c:(.text+0x16): undefined reference to `pthread_create'
collect2: error: ld returned 1 exit status
make[1]: *** [cmTryCompileExec2622066447] Error 1
make[1]: Leaving directory `/home/tim-dev/Dropbox/Workspaces/research/build/CMakeFiles/CMakeTmp'
make: *** [cmTryCompileExec2622066447/fast] Error 2

File /home/tim-dev/Dropbox/Workspaces/research/build/CMakeFiles/CMakeTmp/CheckSymbolExists.c:
/* */
#include <pthread.h>

int main(int argc, char** argv)
{
  (void)argv;
#ifndef pthread_create
  return ((int*)(&pthread_create))[argc];
#else
  (void)argc;
  return 0;
#endif
}

Determining if the function pthread_create exists in the pthreads failed with the following output:
Change Dir: /home/tim-dev/Dropbox/Workspaces/research/build/CMakeFiles/CMakeTmp

Run Build Command:/usr/bin/make "cmTryCompileExec2448942016/fast"
/usr/bin/make -f CMakeFiles/cmTryCompileExec2448942016.dir/build.make CMakeFiles/cmTryCompileExec2448942016.dir/build
make[1]: Entering directory `/home/tim-dev/Dropbox/Workspaces/research/build/CMakeFiles/CMakeTmp'
/usr/bin/cmake -E cmake_progress_report /home/tim-dev/Dropbox/Workspaces/research/build/CMakeFiles/CMakeTmp/CMakeFiles 1
Building C object CMakeFiles/cmTryCompileExec2448942016.dir/CheckFunctionExists.c.o
/usr/bin/gcc   -DCHECK_FUNCTION_EXISTS=pthread_create   -o CMakeFiles/cmTryCompileExec2448942016.dir/CheckFunctionExists.c.o   -c /usr/share/cmake-2.8/Modules/CheckFunctionExists.c
Linking C executable cmTryCompileExec2448942016
/usr/bin/cmake -E cmake_link_script CMakeFiles/cmTryCompileExec2448942016.dir/link.txt --verbose=1
/usr/bin/gcc     -DCHECK_FUNCTION_EXISTS=pthread_create    CMakeFiles/cmTryCompileExec2448942016.dir/CheckFunctionExists.c.o  -o cmTryCompileExec2448942016 -rdynamic -lpthreads 
/usr/bin/ld: cannot find -lpthreads
collect2: error: ld returned 1 exit status
make[1]: *** [cmTryCompileExec2448942016] Error 1
make[1]: Leaving directory `/home/tim-dev/Dropbox/Workspaces/research/build/CMakeFiles/CMakeTmp'
make: *** [cmTryCompileExec2448942016/fast] Error 2


